[18:46:38 11.03.2023] | E_NOTICE . errorHand : Undefined offset: 1 | [C:\OpenServer\domains\mvp-my.loc\app\Application\Router\Route.php : 33] | []
[18:47:17 11.03.2023] | E_NOTICE . errorHand : Undefined offset: 1 | [C:\OpenServer\domains\mvp-my.loc\app\Application\Router\Route.php : 33] | []
[18:47:18 11.03.2023] | E_NOTICE . errorHand : Undefined offset: 1 | [C:\OpenServer\domains\mvp-my.loc\app\Application\Router\Route.php : 33] | []
[18:50:01 11.03.2023] | E_NOTICE . errorHand : Undefined offset: 1 | [C:\OpenServer\domains\mvp-my.loc\app\Application\Router\Route.php : 34] | []
[18:51:16 11.03.2023] | E_NOTICE . errorHand : Undefined offset: 1 | [C:\OpenServer\domains\mvp-my.loc\app\Application\Router\Route.php : 34] | []
[18:52:46 11.03.2023] | E_NOTICE . errorHand : Undefined index: Argument 2 passed to App\Application\Router\Route::define() must be of the type string, array given, called in C:\OpenServer\domains\mvp-my.loc\app\Application\Router\Route.php on line 41 | [C:\OpenServer\domains\mvp-my.loc\app\Application\ErrorHandler.php : 107] | []
[18:55:13 11.03.2023] | E_NOTICE . errorHand : Accessing static property App\Application\Database\Connection::$connect as non static | [C:\OpenServer\domains\mvp-my.loc\app\Application\Database\Connection.php : 32] | []
[18:55:48 11.03.2023] | E_NOTICE . errorHand : Accessing static property App\Application\Database\Connection::$connect as non static | [C:\OpenServer\domains\mvp-my.loc\app\Application\Database\Connection.php : 32] | []
[18:59:42 11.03.2023] | E_NOTICE . errorHand : Undefined variable: type | [C:\OpenServer\domains\mvp-my.loc\app\Application\Router\Route.php : 39] | []

[20:27:06 12.03.2023] | Call to undefined method App\Controllers\LoginController::index() . errorHand : C:\OpenServer\domains\mvp-my.loc\app\Application\Router\RouterHelper.php | [29 : ] | []
[20:27:06 12.03.2023] | E_WARNING . errorHand : require(C:\OpenServer\domains\mvp-my.loc/resources/errors/dev.php): failed to open stream: No such file or directory | [C:\OpenServer\domains\mvp-my.loc\app\Application\ErrorHandler.php : 68] | []
[20:27:06 12.03.2023] | E_COMPILE_ERROR . errorHand : require(): Failed opening required 'C:\OpenServer\domains\mvp-my.loc/resources/errors/dev.php' (include_path='.') | [C:\OpenServer\domains\mvp-my.loc\app\Application\ErrorHandler.php : 68] | []

[20:29:31 12.03.2023] | Call to undefined method App\Controllers\LoginController::index() . errorHand : C:\OpenServer\domains\mvp-my.loc\app\Application\Router\RouterHelper.php | [29 : ] | []
[10:38:53 13.03.2023] | На найден шаблон {default} . errorHand : /mnt/c/Users/Ucer/Desktop/test/mvp-my.loc/core/Base/View.php | [32 : ] | []

============================исправленный=========================
[10:52:20 13.03.2023] | На найден вид /mnt/c/Users/Ucer/Desktop/test/mvp-my.loc/app/Views/pages/igndex.view.php . errorHand : /mnt/c/Users/Ucer/Desktop/test/mvp-my.loc/core/Base/View.php | [25 : ] | []
[10:55:11 13.03.2023] | На найден вид /mnt/c/Users/Ucer/Desktop/test/mvp-my.loc/app/Views/pages/igndex.view.php . errorHand : /mnt/c/Users/Ucer/Desktop/test/mvp-my.loc/core/Base/View.php | [25 : ] | []
[10:56:31 13.03.2023] | ERRORS . errorHand : /mnt/c/Users/Ucer/Desktop/test/mvp-my.loc/core/Base/View.php | [25 : ] | []
[11:04:41 13.03.2023] | E_WARNING . errorHand : Undefined variable $da | [11 : /mnt/c/Users/Ucer/Desktop/test/mvp-my.loc/app/Controllers/StaticController.php] | []
[11:05:01 13.03.2023] | E_WARNING . errorHand : Undefined variable $da | [/mnt/c/Users/Ucer/Desktop/test/mvp-my.loc/app/Controllers/StaticController.php : 11] | []
[11:05:46 13.03.2023] | E_WARNING . errorHand : Undefined variable $da | [/mnt/c/Users/Ucer/Desktop/test/mvp-my.loc/app/Controllers/StaticController.php : 11] | []
[11:05:48 13.03.2023] | E_WARNING . errorHand : Undefined variable $da | [/mnt/c/Users/Ucer/Desktop/test/mvp-my.loc/app/Controllers/StaticController.php : 11] | []
[11:13:50 13.03.2023] | E_WARNING . errorHand : Undefined variable $da | [/mnt/c/Users/Ucer/Desktop/test/mvp-my.loc/app/Controllers/StaticController.php : 11] | []
[12:00:04 13.03.2023] | Exception . errorHand : На найден вид /mnt/c/Users/Ucer/Desktop/test/mvp-my.loc/app/Views/pages/index.viesw.php | [/mnt/c/Users/Ucer/Desktop/test/mvp-my.loc/core/Base/View.php : 25] | []
[12:03:47 13.03.2023] | Exception . errorHand : На найден вид /mnt/c/Users/Ucer/Desktop/test/mvp-my.loc/app/Views/pages/inвdex.view.php | [/mnt/c/Users/Ucer/Desktop/test/mvp-my.loc/core/Base/View.php : 25] | []
[12:48:37 13.03.2023] | Exception . errorHand : Call to undefined method Core\Base\View::show() | [C:\OpenServer\domains\mvp-my.loc\app\Controllers\StaticController.php : 11] | []
[12:48:53 13.03.2023] | Exception . errorHand : Call to undefined method Core\Base\View::show() | [C:\OpenServer\domains\mvp-my.loc\app\Controllers\StaticController.php : 11] | []
[12:52:08 13.03.2023] | Exception . errorHand : Call to undefined method Core\Base\View::show() | [C:\OpenServer\domains\mvp-my.loc\app\Controllers\StaticController.php : 11] | []
[12:52:35 13.03.2023] | Exception . errorHand : Call to undefined method Core\Base\View::show() | [C:\OpenServer\domains\mvp-my.loc\app\Controllers\StaticController.php : 11] | []
[12:53:17 13.03.2023] | Exception . errorHand : Call to undefined method App\Controllers\StaticController::view() | [C:\OpenServer\domains\mvp-my.loc\app\Controllers\StaticController.php : 13] | []
[12:54:01 13.03.2023] | E_NOTICE . errorHand : Undefined property: App\Controllers\StaticController::$layout | [C:\OpenServer\domains\mvp-my.loc\core\Base\Controller.php : 18] | []
[12:54:24 13.03.2023] | E_NOTICE . errorHand : Undefined property: App\Controllers\StaticController::$layout | [C:\OpenServer\domains\mvp-my.loc\core\Base\Controller.php : 18] | []
[12:54:26 13.03.2023] | E_NOTICE . errorHand : Undefined property: App\Controllers\StaticController::$layout | [C:\OpenServer\domains\mvp-my.loc\core\Base\Controller.php : 18] | []
[12:55:47 13.03.2023] | E_NOTICE . errorHand : Undefined property: App\Controllers\StaticController::$layout | [C:\OpenServer\domains\mvp-my.loc\core\Base\Controller.php : 18] | []
[12:56:11 13.03.2023] | Exception . errorHand : На найден шаблон {default} | [C:\OpenServer\domains\mvp-my.loc\core\Base\View.php : 47] | []
[12:57:19 13.03.2023] | Exception . errorHand : На найден шаблон dafault | [C:\OpenServer\domains\mvp-my.loc\core\Base\View.php : 46] | []
[12:57:53 13.03.2023] | Exception . errorHand : На найден шаблон dafault | [C:\OpenServer\domains\mvp-my.loc\core\Base\View.php : 47] | []
[13:18:32 13.03.2023] | E_NOTICE . errorHand : Undefined index: keywords | [C:\OpenServer\domains\mvp-my.loc\core\Base\View.php : 56] | []
[13:18:38 13.03.2023] | E_NOTICE . errorHand : Undefined index: keywords | [C:\OpenServer\domains\mvp-my.loc\core\Base\View.php : 56] | []
[13:39:41 13.03.2023] | Exception . errorHand : Call to undefined method App\Controllers\StaticController::afbout() | [C:\OpenServer\domains\mvp-my.loc\core\RouterHelper.php : 29] | []
[14:42:29 13.03.2023] | Exception . errorHand : Class 'App\Controllers\AdminController' not found | [C:\OpenServer\domains\mvp-my.loc\core\RouterHelper.php : 24] | []
[14:43:11 13.03.2023] | Exception . errorHand : Class 'App\Controllers\AdminController' not found | [C:\OpenServer\domains\mvp-my.loc\core\RouterHelper.php : 25] | []
[14:44:05 13.03.2023] | Exception . errorHand : Call to undefined method Core\Base\View::show() | [C:\OpenServer\domains\mvp-my.loc\app\Controllers\admin\AdminController.php : 14] | []
[17:23:39 13.03.2023] | Exception . errorHand : syntax error, unexpected '$GLOBALS' (T_VARIABLE), expecting ';' or ',' | [C:\OpenServer\domains\mvp-my.loc\app\Views\pages\index.view.php : 3] | []
[17:24:03 13.03.2023] | Exception . errorHand : syntax error, unexpected '$GLOBALS' (T_VARIABLE), expecting ')' | [C:\OpenServer\domains\mvp-my.loc\app\Views\pages\index.view.php : 3] | []
[17:34:37 13.03.2023] | Exception . errorHand : Call to undefined method Core\Base\View::show() | [C:\OpenServer\domains\mvp-my.loc\app\Controllers\RegistrationController.php : 11] | []
[17:35:14 13.03.2023] | Exception . errorHand : Call to undefined method App\Controllers\RegistrationController::view() | [C:\OpenServer\domains\mvp-my.loc\app\Controllers\RegistrationController.php : 11] | []
[17:41:46 13.03.2023] | E_WARNING . errorHand : Invalid argument supplied for foreach() | [C:\OpenServer\domains\mvp-my.loc\app\Views\pages\register.view.php : 10] | []
[17:42:19 13.03.2023] | E_WARNING . errorHand : Invalid argument supplied for foreach() | [C:\OpenServer\domains\mvp-my.loc\app\Views\pages\register.view.php : 11] | []
[17:53:28 13.03.2023] | E_WARNING . errorHand : Invalid argument supplied for foreach() | [C:\OpenServer\domains\mvp-my.loc\app\Views\pages\register.view.php : 11] | []
[17:54:18 13.03.2023] | E_NOTICE . errorHand : Array to string conversion | [C:\OpenServer\domains\mvp-my.loc\app\Views\pages\login.view.php : 10] | []
[17:54:24 13.03.2023] | E_NOTICE . errorHand : Array to string conversion | [C:\OpenServer\domains\mvp-my.loc\app\Views\pages\login.view.php : 10] | []
[17:54:51 13.03.2023] | E_NOTICE . errorHand : Array to string conversion | [C:\OpenServer\domains\mvp-my.loc\app\Views\pages\login.view.php : 6] | []
[18:42:54 13.03.2023] | E_NOTICE . errorHand : Undefined variable: users | [C:\OpenServer\domains\mvp-my.loc\app\Views\pages\register.view.php : 9] | []
[18:43:25 13.03.2023] | E_NOTICE . errorHand : Array to string conversion | [C:\OpenServer\domains\mvp-my.loc\app\Views\pages\login.view.php : 11] | []
[18:43:37 13.03.2023] | E_NOTICE . errorHand : Array to string conversion | [C:\OpenServer\domains\mvp-my.loc\app\Views\pages\login.view.php : 11] | []
[18:43:51 13.03.2023] | E_NOTICE . errorHand : Array to string conversion | [C:\OpenServer\domains\mvp-my.loc\app\Views\pages\login.view.php : 11] | []
[18:44:10 13.03.2023] | Exception . errorHand : syntax error, unexpected '?>' | [C:\OpenServer\domains\mvp-my.loc\app\Views\pages\login.view.php : 11] | []
[19:32:19 13.03.2023] | E_NOTICE . errorHand : Undefined variable: title | [C:\OpenServer\domains\mvp-my.loc\app\Views\pages\index.view.php : 3] | []
[19:37:13 13.03.2023] | Exception . errorHand : syntax error, unexpected 'header' (T_STRING) | [C:\OpenServer\domains\mvp-my.loc\core\Router.php : 28] | []
[19:37:19 13.03.2023] | E_NOTICE . errorHand : Undefined variable: constError | [C:\OpenServer\domains\mvp-my.loc\app\Views\errors\dev.php : 10] | []
[19:37:26 13.03.2023] | E_NOTICE . errorHand : Undefined variable: constError | [C:\OpenServer\domains\mvp-my.loc\app\Views\errors\dev.php : 10] | []
[19:37:42 13.03.2023] | E_WARNING . errorHand : require(C:\OpenServer\domains\mvp-my.loc/app/Views/errors/404.php): failed to open stream: No such file or directory | [C:\OpenServer\domains\mvp-my.loc\core\Router.php : 28] | []
[19:38:13 13.03.2023] | Exception . errorHand : Call to undefined method Core\Router::getMeta() | [C:\OpenServer\domains\mvp-my.loc\app\Views\errors\404.html : 7] | []
[19:38:34 13.03.2023] | Exception . errorHand : Call to undefined method Core\Router::getMeta() | [C:\OpenServer\domains\mvp-my.loc\app\Views\errors\404.php : 7] | []
[19:40:28 13.03.2023] | Exception . errorHand : syntax error, unexpected 'header' (T_STRING) | [C:\OpenServer\domains\mvp-my.loc\core\Router.php : 29] | []
[19:44:36 13.03.2023] | Exception . errorHand : NotFoundComponent (menu) not found | [C:\OpenServer\domains\mvp-my.loc\core\App.php : 18] | []
[20:30:44 13.03.2023] | Exception . errorHand : Too few arguments to function App\Controllers\RegistrationController::registration(), 0 passed in C:\OpenServer\domains\mvp-my.loc\core\RouterHelper.php on line 29 and exactly 1 expected | [C:\OpenServer\domains\mvp-my.loc\app\Controllers\RegistrationController.php : 17] | []
[20:31:35 13.03.2023] | E_ERROR . errorHand : During class fetch: Uncaught ParseError: syntax error, unexpected 'if' (T_IF) in C:\OpenServer\domains\mvp-my.loc\core\RouterHelper.php:17
Stack trace:
#0 C:\OpenServer\domains\mvp-my.loc\vendor\composer\ClassLoader.php(428): Composer\Autoload\includeFile()
#1 [internal function]: Composer\Autoload\ClassLoader->loadClass()
#2 C:\OpenServer\domains\mvp-my.loc\core\Router.php(5): spl_autoload_call()
#3 C:\OpenServer\domains\mvp-my.loc\vendor\composer\ClassLoader.php(571): include('C:\\OpenServer\\d...')
#4 C:\OpenServer\domains\mvp-my.loc\vendor\composer\ClassLoader.php(428): Composer\Autoload\includeFile()
#5 [internal function]: Composer\Autoload\ClassLoader->loadClass()
#6 C:\OpenServer\domains\mvp-my.loc\core\App.php(26): spl_autoload_call()
#7 C:\OpenServer\domains\mvp-my.loc\core\App.php(15): Core\App->handle()
#8 C:\OpenServer\domains\mvp-my.loc\public\index.php(17): Core\App->run()
#9 {main} | [C:\OpenServer\domains\mvp-my.loc\core\Router.php : 5] | []
[20:31:36 13.03.2023] | E_ERROR . errorHand : During class fetch: Uncaught ParseError: syntax error, unexpected 'if' (T_IF) in C:\OpenServer\domains\mvp-my.loc\core\RouterHelper.php:17
Stack trace:
#0 C:\OpenServer\domains\mvp-my.loc\vendor\composer\ClassLoader.php(428): Composer\Autoload\includeFile()
#1 [internal function]: Composer\Autoload\ClassLoader->loadClass()
#2 C:\OpenServer\domains\mvp-my.loc\core\Router.php(5): spl_autoload_call()
#3 C:\OpenServer\domains\mvp-my.loc\vendor\composer\ClassLoader.php(571): include('C:\\OpenServer\\d...')
#4 C:\OpenServer\domains\mvp-my.loc\vendor\composer\ClassLoader.php(428): Composer\Autoload\includeFile()
#5 [internal function]: Composer\Autoload\ClassLoader->loadClass()
#6 C:\OpenServer\domains\mvp-my.loc\core\App.php(26): spl_autoload_call()
#7 C:\OpenServer\domains\mvp-my.loc\core\App.php(15): Core\App->handle()
#8 C:\OpenServer\domains\mvp-my.loc\public\index.php(17): Core\App->run()
#9 {main} | [C:\OpenServer\domains\mvp-my.loc\core\Router.php : 5] | []
[20:31:38 13.03.2023] | E_ERROR . errorHand : During class fetch: Uncaught ParseError: syntax error, unexpected 'if' (T_IF) in C:\OpenServer\domains\mvp-my.loc\core\RouterHelper.php:17
Stack trace:
#0 C:\OpenServer\domains\mvp-my.loc\vendor\composer\ClassLoader.php(428): Composer\Autoload\includeFile()
#1 [internal function]: Composer\Autoload\ClassLoader->loadClass()
#2 C:\OpenServer\domains\mvp-my.loc\core\Router.php(5): spl_autoload_call()
#3 C:\OpenServer\domains\mvp-my.loc\vendor\composer\ClassLoader.php(571): include('C:\\OpenServer\\d...')
#4 C:\OpenServer\domains\mvp-my.loc\vendor\composer\ClassLoader.php(428): Composer\Autoload\includeFile()
#5 [internal function]: Composer\Autoload\ClassLoader->loadClass()
#6 C:\OpenServer\domains\mvp-my.loc\core\App.php(26): spl_autoload_call()
#7 C:\OpenServer\domains\mvp-my.loc\core\App.php(15): Core\App->handle()
#8 C:\OpenServer\domains\mvp-my.loc\public\index.php(17): Core\App->run()
#9 {main} | [C:\OpenServer\domains\mvp-my.loc\core\Router.php : 5] | []
[20:31:41 13.03.2023] | E_ERROR . errorHand : During class fetch: Uncaught ParseError: syntax error, unexpected 'if' (T_IF) in C:\OpenServer\domains\mvp-my.loc\core\RouterHelper.php:17
Stack trace:
#0 C:\OpenServer\domains\mvp-my.loc\vendor\composer\ClassLoader.php(428): Composer\Autoload\includeFile()
#1 [internal function]: Composer\Autoload\ClassLoader->loadClass()
#2 C:\OpenServer\domains\mvp-my.loc\core\Router.php(5): spl_autoload_call()
#3 C:\OpenServer\domains\mvp-my.loc\vendor\composer\ClassLoader.php(571): include('C:\\OpenServer\\d...')
#4 C:\OpenServer\domains\mvp-my.loc\vendor\composer\ClassLoader.php(428): Composer\Autoload\includeFile()
#5 [internal function]: Composer\Autoload\ClassLoader->loadClass()
#6 C:\OpenServer\domains\mvp-my.loc\core\App.php(26): spl_autoload_call()
#7 C:\OpenServer\domains\mvp-my.loc\core\App.php(15): Core\App->handle()
#8 C:\OpenServer\domains\mvp-my.loc\public\index.php(17): Core\App->run()
#9 {main} | [C:\OpenServer\domains\mvp-my.loc\core\Router.php : 5] | []
[20:31:43 13.03.2023] | E_ERROR . errorHand : During class fetch: Uncaught ParseError: syntax error, unexpected 'if' (T_IF) in C:\OpenServer\domains\mvp-my.loc\core\RouterHelper.php:17
Stack trace:
#0 C:\OpenServer\domains\mvp-my.loc\vendor\composer\ClassLoader.php(428): Composer\Autoload\includeFile()
#1 [internal function]: Composer\Autoload\ClassLoader->loadClass()
#2 C:\OpenServer\domains\mvp-my.loc\core\Router.php(5): spl_autoload_call()
#3 C:\OpenServer\domains\mvp-my.loc\vendor\composer\ClassLoader.php(571): include('C:\\OpenServer\\d...')
#4 C:\OpenServer\domains\mvp-my.loc\vendor\composer\ClassLoader.php(428): Composer\Autoload\includeFile()
#5 [internal function]: Composer\Autoload\ClassLoader->loadClass()
#6 C:\OpenServer\domains\mvp-my.loc\core\App.php(26): spl_autoload_call()
#7 C:\OpenServer\domains\mvp-my.loc\core\App.php(15): Core\App->handle()
#8 C:\OpenServer\domains\mvp-my.loc\public\index.php(17): Core\App->run()
#9 {main} | [C:\OpenServer\domains\mvp-my.loc\core\Router.php : 5] | []
[20:32:06 13.03.2023] | Exception . errorHand : Too few arguments to function App\Controllers\RegistrationController::registration(), 0 passed in C:\OpenServer\domains\mvp-my.loc\core\RouterHelper.php on line 30 and exactly 1 expected | [C:\OpenServer\domains\mvp-my.loc\app\Controllers\RegistrationController.php : 17] | []
[20:33:38 13.03.2023] | Exception . errorHand : Too few arguments to function App\Controllers\RegistrationController::registration(), 0 passed in C:\OpenServer\domains\mvp-my.loc\core\RouterHelper.php on line 29 and exactly 1 expected | [C:\OpenServer\domains\mvp-my.loc\app\Controllers\RegistrationController.php : 17] | []
[20:37:04 13.03.2023] | E_NOTICE . errorHand : Undefined index: name | [C:\OpenServer\domains\mvp-my.loc\app\Controllers\RegistrationController.php : 20] | []
[20:37:42 13.03.2023] | E_NOTICE . errorHand : Undefined index: name | [C:\OpenServer\domains\mvp-my.loc\app\Controllers\RegistrationController.php : 20] | []
[20:37:49 13.03.2023] | E_NOTICE . errorHand : Undefined index: number | [C:\OpenServer\domains\mvp-my.loc\app\Controllers\RegistrationController.php : 21] | []
[23:48:24 13.03.2023] | E_ERROR . errorHand : Trait 'Core\Libs\TSingletone' not found | [C:\OpenServer\domains\mvp-my.loc\core\Connection.php : 7] | []
[23:49:54 13.03.2023] | Exception . errorHand : SQLSTATE[HY000] [14] unable to open database file | [C:\OpenServer\domains\mvp-my.loc\core\Connection.php : 45] | []
[23:50:21 13.03.2023] | Exception . errorHand : SQLSTATE[HY000] [14] unable to open database file | [C:\OpenServer\domains\mvp-my.loc\core\Connection.php : 45] | []
[23:51:08 13.03.2023] | Exception . errorHand : SQLSTATE[HY000] [14] unable to open database file | [C:\OpenServer\domains\mvp-my.loc\core\Connection.php : 45] | []
[23:51:32 13.03.2023] | Exception . errorHand : SQLSTATE[HY000] [14] unable to open database file | [C:\OpenServer\domains\mvp-my.loc\core\Connection.php : 45] | []
[23:52:01 13.03.2023] | Exception . errorHand : SQLSTATE[HY000] [14] unable to open database file | [C:\OpenServer\domains\mvp-my.loc\core\Connection.php : 44] | []
[23:52:03 13.03.2023] | Exception . errorHand : SQLSTATE[HY000] [14] unable to open database file | [C:\OpenServer\domains\mvp-my.loc\core\Connection.php : 44] | []
[23:52:12 13.03.2023] | Exception . errorHand : SQLSTATE[HY000] [14] unable to open database file | [C:\OpenServer\domains\mvp-my.loc\core\Connection.php : 44] | []
[23:52:27 13.03.2023] | Exception . errorHand : SQLSTATE[HY000] [14] unable to open database file | [C:\OpenServer\domains\mvp-my.loc\core\Connection.php : 45] | []
[23:52:40 13.03.2023] | Exception . errorHand : SQLSTATE[HY000] [14] unable to open database file | [C:\OpenServer\domains\mvp-my.loc\core\Connection.php : 45] | []
[23:57:02 13.03.2023] | Exception . errorHand : SQLSTATE[HY000] [14] unable to open database file | [C:\OpenServer\domains\mvp-my.loc\core\Connection.php : 46] | []
[00:00:31 14.03.2023] | Exception . errorHand : could not find driver | [C:\OpenServer\domains\mvp-my.loc\core\Connection.php : 59] | []
[00:34:42 14.03.2023] | Exception . errorHand : Class 'App\Controllers\AuthController' not found | [C:\OpenServer\domains\mvp-my.loc\core\RouterHelper.php : 24] | []
[00:35:03 14.03.2023] | Exception . errorHand : Class 'App\Controllers\AuthController' not found | [C:\OpenServer\domains\mvp-my.loc\core\RouterHelper.php : 24] | []
[00:37:32 14.03.2023] | E_NOTICE . errorHand : Undefined variable: errors | [C:\OpenServer\domains\mvp-my.loc\app\Views\pages\register.view.php : 28] | []
[09:34:13 14.03.2023] | Exception . errorHand : Call to a member function fetchAll() on bool | [C:\OpenServer\domains\mvp-my.loc\app\Controllers\RegistrationController.php : 31] | []
[09:34:21 14.03.2023] | Exception . errorHand : Call to a member function fetchAll() on bool | [C:\OpenServer\domains\mvp-my.loc\app\Controllers\RegistrationController.php : 31] | []
[09:35:41 14.03.2023] | Exception . errorHand : Call to a member function fetchAll() on bool | [C:\OpenServer\domains\mvp-my.loc\app\Controllers\RegistrationController.php : 31] | []
[09:35:45 14.03.2023] | Exception . errorHand : Call to a member function fetchAll() on bool | [C:\OpenServer\domains\mvp-my.loc\app\Controllers\RegistrationController.php : 31] | []
[09:40:38 14.03.2023] | Exception . errorHand : Call to a member function fetchAll() on bool | [C:\OpenServer\domains\mvp-my.loc\app\Controllers\RegistrationController.php : 17] | []
[09:42:45 14.03.2023] | Exception . errorHand : Call to a member function fetchAll() on bool | [C:\OpenServer\domains\mvp-my.loc\app\Controllers\RegistrationController.php : 17] | []
[09:43:25 14.03.2023] | Exception . errorHand : Call to a member function fetchAll() on bool | [C:\OpenServer\domains\mvp-my.loc\app\Controllers\RegistrationController.php : 17] | []
[09:45:26 14.03.2023] | Exception . errorHand : Call to a member function fetchAll() on bool | [C:\OpenServer\domains\mvp-my.loc\app\Controllers\RegistrationController.php : 34] | []
[09:52:14 14.03.2023] | Exception . errorHand : Return value of Core\Base\Model::getConnect() must be an instance of PDO, instance of Core\Connection returned | [C:\OpenServer\domains\mvp-my.loc\core\Base\Model.php : 24] | []
[09:52:33 14.03.2023] | Exception . errorHand : Call to undefined method Core\Connection::query() | [C:\OpenServer\domains\mvp-my.loc\app\Controllers\RegistrationController.php : 16] | []
[09:54:52 14.03.2023] | Exception . errorHand : Call to undefined method Core\Connection::instance() | [C:\OpenServer\domains\mvp-my.loc\core\Base\Model.php : 19] | []
[09:55:54 14.03.2023] | E_NOTICE . errorHand : Undefined variable: driver | [C:\OpenServer\domains\mvp-my.loc\core\Connection.php : 76] | []
[10:03:08 14.03.2023] | Exception . errorHand : Call to private method Core\Connection::connect() from context 'Core\Base\Model' | [C:\OpenServer\domains\mvp-my.loc\core\Base\Model.php : 19] | []
[10:03:20 14.03.2023] | Exception . errorHand : SQLSTATE[HY000] [14] unable to open database file | [C:\OpenServer\domains\mvp-my.loc\core\Connection.php : 104] | []
[10:03:56 14.03.2023] | Exception . errorHand : Return value of Core\Base\Model::getConnect() must be an instance of PDO, instance of Core\Connection returned | [C:\OpenServer\domains\mvp-my.loc\core\Base\Model.php : 24] | []
[10:04:27 14.03.2023] | Exception . errorHand : Return value of Core\Connection::setup() must be an instance of PDO, instance of Core\Connection returned | [C:\OpenServer\domains\mvp-my.loc\core\Connection.php : 121] | []
[10:05:02 14.03.2023] | Exception . errorHand : Call to undefined method Core\Connection::setup() | [C:\OpenServer\domains\mvp-my.loc\core\Base\Model.php : 19] | []
[10:12:15 14.03.2023] | Exception . errorHand : Typed property Core\Connection::$connect must be an instance of PDO, null used | [C:\OpenServer\domains\mvp-my.loc\core\Connection.php : 65] | []
[10:12:45 14.03.2023] | Exception . errorHand : Typed property Core\Connection::$connect must be an instance of PDO, null used | [C:\OpenServer\domains\mvp-my.loc\core\Connection.php : 64] | []
[10:13:05 14.03.2023] | Exception . errorHand : Typed property Core\Connection::$connect must be an instance of PDO, null used | [C:\OpenServer\domains\mvp-my.loc\core\Connection.php : 62] | []
[10:14:19 14.03.2023] | E_NOTICE . errorHand : Undefined variable: driver | [C:\OpenServer\domains\mvp-my.loc\core\Connection.php : 102] | []
[10:14:22 14.03.2023] | E_NOTICE . errorHand : Undefined variable: driver | [C:\OpenServer\domains\mvp-my.loc\core\Connection.php : 102] | []
[10:14:24 14.03.2023] | E_NOTICE . errorHand : Undefined variable: driver | [C:\OpenServer\domains\mvp-my.loc\core\Connection.php : 102] | []
[10:14:34 14.03.2023] | E_NOTICE . errorHand : Undefined variable: driver | [C:\OpenServer\domains\mvp-my.loc\core\Connection.php : 99] | []
[10:15:05 14.03.2023] | E_NOTICE . errorHand : Trying to access array offset on value of type int | [C:\OpenServer\domains\mvp-my.loc\core\Connection.php : 87] | []
[10:15:31 14.03.2023] | E_NOTICE . errorHand : Trying to access array offset on value of type int | [C:\OpenServer\domains\mvp-my.loc\core\Connection.php : 89] | []
[10:16:59 14.03.2023] | E_NOTICE . errorHand : Undefined variable: driver | [C:\OpenServer\domains\mvp-my.loc\core\Connection.php : 100] | []
[10:21:37 14.03.2023] | Exception . errorHand : DB выключенна | [C:\OpenServer\domains\mvp-my.loc\core\Connection.php : 101] | []
[10:28:50 14.03.2023] | Exception . errorHand : Return value of Core\Base\Model::getConnect() must be an instance of PDO, instance of Core\Connection returned | [C:\OpenServer\domains\mvp-my.loc\core\Base\Model.php : 24] | []
[10:32:11 14.03.2023] | Exception . errorHand : Typed property Core\Connection::$options must not be accessed before initialization | [C:\OpenServer\domains\mvp-my.loc\core\Connection.php : 99] | []
[10:32:41 14.03.2023] | Exception . errorHand : syntax error, unexpected ')', expecting ']' | [C:\OpenServer\domains\mvp-my.loc\core\Base\Model.php : 22] | []
[10:33:10 14.03.2023] | Exception . errorHand : syntax error, unexpected ')', expecting ']' | [C:\OpenServer\domains\mvp-my.loc\core\Base\Model.php : 22] | []
[10:33:11 14.03.2023] | Exception . errorHand : syntax error, unexpected ')', expecting ']' | [C:\OpenServer\domains\mvp-my.loc\core\Base\Model.php : 22] | []
[10:43:04 14.03.2023] | Exception . errorHand : Call to a member function fetchAll() on bool | [C:\OpenServer\domains\mvp-my.loc\app\Controllers\RegistrationController.php : 16] | []
[10:43:43 14.03.2023] | Exception . errorHand : Call to a member function fetchAll() on bool | [C:\OpenServer\domains\mvp-my.loc\app\Controllers\RegistrationController.php : 16] | []
[10:43:46 14.03.2023] | Exception . errorHand : Call to a member function fetchAll() on bool | [C:\OpenServer\domains\mvp-my.loc\app\Controllers\RegistrationController.php : 16] | []
[10:44:12 14.03.2023] | Exception . errorHand : Call to a member function fetchAll() on bool | [C:\OpenServer\domains\mvp-my.loc\app\Controllers\RegistrationController.php : 16] | []
[10:45:02 14.03.2023] | Exception . errorHand : Call to a member function fetchAll() on bool | [C:\OpenServer\domains\mvp-my.loc\app\Controllers\RegistrationController.php : 16] | []
[10:45:48 14.03.2023] | Exception . errorHand : Call to a member function fetchAll() on bool | [C:\OpenServer\domains\mvp-my.loc\app\Controllers\RegistrationController.php : 16] | []
[10:45:49 14.03.2023] | Exception . errorHand : Call to a member function fetchAll() on bool | [C:\OpenServer\domains\mvp-my.loc\app\Controllers\RegistrationController.php : 16] | []
[10:46:18 14.03.2023] | Exception . errorHand : Call to a member function fetchAll() on bool | [C:\OpenServer\domains\mvp-my.loc\app\Controllers\RegistrationController.php : 16] | []
[10:46:35 14.03.2023] | Exception . errorHand : Call to a member function fetchAll() on bool | [C:\OpenServer\domains\mvp-my.loc\app\Controllers\RegistrationController.php : 16] | []
[10:46:55 14.03.2023] | Exception . errorHand : Call to a member function fetchAll() on bool | [C:\OpenServer\domains\mvp-my.loc\app\Controllers\RegistrationController.php : 16] | []
[10:49:10 14.03.2023] | Exception . errorHand : Call to a member function fetchAll() on bool | [C:\OpenServer\domains\mvp-my.loc\app\Controllers\RegistrationController.php : 16] | []
[10:49:35 14.03.2023] | Exception . errorHand : Call to a member function fetchAll() on bool | [C:\OpenServer\domains\mvp-my.loc\app\Controllers\RegistrationController.php : 16] | []
[10:49:57 14.03.2023] | Exception . errorHand : Call to a member function fetchAll() on bool | [C:\OpenServer\domains\mvp-my.loc\app\Controllers\RegistrationController.php : 16] | []
[10:50:06 14.03.2023] | Exception . errorHand : Call to a member function fetchAll() on bool | [C:\OpenServer\domains\mvp-my.loc\app\Controllers\RegistrationController.php : 16] | []
[10:50:33 14.03.2023] | Exception . errorHand : Call to a member function fetchAll() on bool | [C:\OpenServer\domains\mvp-my.loc\app\Controllers\RegistrationController.php : 16] | []
[10:51:33 14.03.2023] | Exception . errorHand : Call to a member function fetchAll() on bool | [C:\OpenServer\domains\mvp-my.loc\app\Controllers\RegistrationController.php : 16] | []
[10:52:03 14.03.2023] | Exception . errorHand : Return value of Core\Base\Model::getConnect() must be an instance of PDO, null returned | [C:\OpenServer\domains\mvp-my.loc\core\Base\Model.php : 27] | []
[10:55:05 14.03.2023] | Exception . errorHand : Call to a member function fetchAll() on bool | [C:\OpenServer\domains\mvp-my.loc\app\Controllers\RegistrationController.php : 16] | []
[10:55:30 14.03.2023] | Exception . errorHand : Call to a member function fetchAll() on bool | [C:\OpenServer\domains\mvp-my.loc\app\Controllers\RegistrationController.php : 16] | []
[10:56:01 14.03.2023] | Exception . errorHand : Call to a member function fetchAll() on bool | [C:\OpenServer\domains\mvp-my.loc\app\Controllers\RegistrationController.php : 16] | []
[10:56:13 14.03.2023] | Exception . errorHand : Call to a member function fetchAll() on bool | [C:\OpenServer\domains\mvp-my.loc\app\Controllers\RegistrationController.php : 16] | []
[10:56:30 14.03.2023] | Exception . errorHand : Call to a member function fetchAll() on bool | [C:\OpenServer\domains\mvp-my.loc\app\Controllers\RegistrationController.php : 16] | []
[10:57:19 14.03.2023] | Exception . errorHand : Call to a member function fetchAll() on bool | [C:\OpenServer\domains\mvp-my.loc\app\Controllers\RegistrationController.php : 16] | []
[10:57:20 14.03.2023] | Exception . errorHand : Call to a member function fetchAll() on bool | [C:\OpenServer\domains\mvp-my.loc\app\Controllers\RegistrationController.php : 16] | []
[10:57:33 14.03.2023] | Exception . errorHand : Call to a member function fetchAll() on bool | [C:\OpenServer\domains\mvp-my.loc\app\Controllers\RegistrationController.php : 16] | []
[10:58:03 14.03.2023] | Exception . errorHand : Call to a member function fetchAll() on bool | [C:\OpenServer\domains\mvp-my.loc\app\Controllers\RegistrationController.php : 16] | []
[11:05:59 14.03.2023] | Exception . errorHand : syntax error, unexpected ')', expecting variable (T_VARIABLE) | [C:\OpenServer\domains\mvp-my.loc\core\Connection.php : 59] | []
[11:06:31 14.03.2023] | Exception . errorHand : syntax error, unexpected ')', expecting variable (T_VARIABLE) | [C:\OpenServer\domains\mvp-my.loc\core\Connection.php : 55] | []
[11:58:28 14.03.2023] | E_NOTICE . errorHand : Undefined variable: email | [C:\OpenServer\domains\mvp-my.loc\app\Views\pages\login.view.php : 29] | []
[11:58:49 14.03.2023] | E_NOTICE . errorHand : Undefined variable: email | [C:\OpenServer\domains\mvp-my.loc\app\Views\pages\login.view.php : 29] | []
[11:59:06 14.03.2023] | E_NOTICE . errorHand : Undefined variable: email | [C:\OpenServer\domains\mvp-my.loc\app\Views\pages\login.view.php : 8] | []
[12:08:51 14.03.2023] | E_NOTICE . errorHand : Undefined variable: errors | [C:\OpenServer\domains\mvp-my.loc\app\Controllers\RegistrationController.php : 35] | []
[12:16:50 14.03.2023] | Exception . errorHand : На найден вид C:\OpenServer\domains\mvp-my.loc/app/Views/register.view.php | [C:\OpenServer\domains\mvp-my.loc\core\Base\View.php : 38] | []
[12:29:23 14.03.2023] | E_NOTICE . errorHand : Undefined variable: removeUnusedFields | [C:\OpenServer\domains\mvp-my.loc\core\Validator.php : 28] | []
[12:41:19 14.03.2023] | Exception . errorHand : The method is missing | [C:\OpenServer\domains\mvp-my.loc\core\Validator.php : 38] | []
[12:41:53 14.03.2023] | Exception . errorHand : The method is missing | [C:\OpenServer\domains\mvp-my.loc\core\Validator.php : 38] | []
[12:43:21 14.03.2023] | Exception . errorHand : The unique method is missing | [C:\OpenServer\domains\mvp-my.loc\core\Validator.php : 38] | []
[13:21:03 14.03.2023] | E_NOTICE . errorHand : Undefined variable: cleanData | [C:\OpenServer\domains\mvp-my.loc\core\Validator.php : 39] | []
[13:21:40 14.03.2023] | E_NOTICE . errorHand : Undefined variable: cleanData | [C:\OpenServer\domains\mvp-my.loc\core\Validator.php : 39] | []
[13:22:14 14.03.2023] | E_NOTICE . errorHand : Undefined variable: cleanData | [C:\OpenServer\domains\mvp-my.loc\core\Validator.php : 39] | []
[15:14:23 14.03.2023] | Exception . errorHand : The unique method is missing | [C:\OpenServer\domains\mvp-my.loc\core\Validator.php : 75] | []
[17:13:05 14.03.2023] | E_NOTICE . errorHand : Undefined property: App\Models\UserModel::$errors | [C:\OpenServer\domains\mvp-my.loc\app\Controllers\RegistrationController.php : 39] | []
[17:21:22 14.03.2023] | E_NOTICE . errorHand : Undefined variable: errors | [C:\OpenServer\domains\mvp-my.loc\app\Views\pages\register.view.php : 10] | []
[17:21:45 14.03.2023] | E_NOTICE . errorHand : Undefined variable: errors | [C:\OpenServer\domains\mvp-my.loc\app\Views\pages\register.view.php : 10] | []
[18:00:27 14.03.2023] | Exception . errorHand : SQLSTATE[HY000]: General error: 1 no such table: user | [C:\OpenServer\domains\mvp-my.loc\core\Base\Model.php : 79] | []
[18:00:27 14.03.2023] | E_WARNING . errorHand : http_response_code() expects parameter 1 to be int, string given | [C:\OpenServer\domains\mvp-my.loc\core\ErrorHandler.php : 59] | []
[18:01:26 14.03.2023] | Exception . errorHand : SQLSTATE[HY000]: General error: 1 no such table: user | [C:\OpenServer\domains\mvp-my.loc\core\Base\Model.php : 79] | []
[18:01:26 14.03.2023] | E_WARNING . errorHand : http_response_code() expects parameter 1 to be int, string given | [C:\OpenServer\domains\mvp-my.loc\core\ErrorHandler.php : 60] | []
[18:03:23 14.03.2023] | Exception . errorHand : SQLSTATE[HY000]: General error: 1 no such table: user | [C:\OpenServer\domains\mvp-my.loc\core\Base\Model.php : 79] | []
[18:05:22 14.03.2023] | Exception . errorHand : SQLSTATE[HY000]: General error: 1 no such table: user | [C:\OpenServer\domains\mvp-my.loc\core\Base\Model.php : 39] | []
[18:07:19 14.03.2023] | Exception . errorHand : Call to undefined method App\Models\UserModel::search() | [C:\OpenServer\domains\mvp-my.loc\app\Controllers\RegistrationController.php : 34] | []
[18:29:27 14.03.2023] | Exception . errorHand : SQLSTATE[HY000]: General error: mode must be an integer | [C:\OpenServer\domains\mvp-my.loc\app\Models\UserModel.php : 38] | []
[18:31:47 14.03.2023] | Exception . errorHand : SQLSTATE[HY000]: General error: mode must be an integer | [C:\OpenServer\domains\mvp-my.loc\app\Models\UserModel.php : 40] | []
[18:32:47 14.03.2023] | Exception . errorHand : SQLSTATE[HY000]: General error: mode must be an integer | [C:\OpenServer\domains\mvp-my.loc\app\Models\UserModel.php : 40] | []
[18:55:36 14.03.2023] | Exception . errorHand : SQLSTATE[HY000]: General error: 1 near "Гаврин": syntax error | [C:\OpenServer\domains\mvp-my.loc\core\Base\Model.php : 39] | []
[14:54:42 17.03.2023] | E_NOTICE . errorHand : Undefined variable: name | [C:\OpenServer\domains\mvp-my.loc\core\Base\Model.php : 67] | []
[15:04:05 17.03.2023] | E_NOTICE . errorHand : Undefined index:  | [C:\OpenServer\domains\mvp-my.loc\app\Models\UserModel.php : 34] | []
[15:10:06 17.03.2023] | Exception . errorHand : syntax error, unexpected ')', expecting variable (T_VARIABLE) | [C:\OpenServer\domains\mvp-my.loc\app\Models\UserModel.php : 28] | []
[15:35:06 17.03.2023] | Exception . errorHand : SQLSTATE[HY000]: General error: 1 near "@yandex": syntax error | [C:\OpenServer\domains\mvp-my.loc\core\Base\Model.php : 38] | []
[15:35:37 17.03.2023] | Exception . errorHand : SQLSTATE[HY000]: General error: 1 near "@yandex": syntax error | [C:\OpenServer\domains\mvp-my.loc\core\Base\Model.php : 38] | []
[15:36:13 17.03.2023] | Exception . errorHand : SQLSTATE[HY000]: General error: 1 near "@yandex": syntax error | [C:\OpenServer\domains\mvp-my.loc\core\Base\Model.php : 38] | []
[15:36:18 17.03.2023] | Exception . errorHand : SQLSTATE[HY000]: General error: 1 near ",": syntax error | [C:\OpenServer\domains\mvp-my.loc\core\Base\Model.php : 38] | []
[15:36:39 17.03.2023] | Exception . errorHand : SQLSTATE[HY000]: General error: 1 near ",": syntax error | [C:\OpenServer\domains\mvp-my.loc\core\Base\Model.php : 38] | []
[15:37:15 17.03.2023] | Exception . errorHand : SQLSTATE[HY000]: General error: 1 near ",": syntax error | [C:\OpenServer\domains\mvp-my.loc\core\Base\Model.php : 38] | []
[15:37:29 17.03.2023] | Exception . errorHand : SQLSTATE[HY000]: General error: 1 near "@yandex": syntax error | [C:\OpenServer\domains\mvp-my.loc\core\Base\Model.php : 38] | []
[15:37:53 17.03.2023] | Exception . errorHand : SQLSTATE[HY000]: General error: 1 near "@yandex": syntax error | [C:\OpenServer\domains\mvp-my.loc\core\Base\Model.php : 38] | []
[15:37:56 17.03.2023] | Exception . errorHand : SQLSTATE[HY000]: General error: 1 near "@yandex": syntax error | [C:\OpenServer\domains\mvp-my.loc\core\Base\Model.php : 38] | []
[15:38:11 17.03.2023] | Exception . errorHand : SQLSTATE[HY000]: General error: 1 near "@yandex": syntax error | [C:\OpenServer\domains\mvp-my.loc\core\Base\Model.php : 38] | []
[15:39:14 17.03.2023] | Exception . errorHand : syntax error, unexpected 'ж' (T_STRING) | [C:\OpenServer\domains\mvp-my.loc\app\Models\UserModel.php : 38] | []
[15:39:22 17.03.2023] | Exception . errorHand : SQLSTATE[HY000]: General error: 1 near "@yandex": syntax error | [C:\OpenServer\domains\mvp-my.loc\core\Base\Model.php : 38] | []
[15:39:40 17.03.2023] | Exception . errorHand : SQLSTATE[HY000]: General error: 1 near "@yandex": syntax error | [C:\OpenServer\domains\mvp-my.loc\core\Base\Model.php : 38] | []
[15:40:19 17.03.2023] | Exception . errorHand : SQLSTATE[HY000]: General error: 1 near ",": syntax error | [C:\OpenServer\domains\mvp-my.loc\core\Base\Model.php : 38] | []
[15:41:26 17.03.2023] | Exception . errorHand : SQLSTATE[HY000]: General error: 1 near ",": syntax error | [C:\OpenServer\domains\mvp-my.loc\core\Base\Model.php : 39] | []
[15:42:55 17.03.2023] | Exception . errorHand : SQLSTATE[HY000]: General error: 1 near ",": syntax error | [C:\OpenServer\domains\mvp-my.loc\core\Base\Model.php : 39] | []
[15:43:03 17.03.2023] | Exception . errorHand : SQLSTATE[HY000]: General error: 1 near ",": syntax error | [C:\OpenServer\domains\mvp-my.loc\core\Base\Model.php : 39] | []
[15:43:37 17.03.2023] | Exception . errorHand : SQLSTATE[HY000]: General error: 1 near ",": syntax error | [C:\OpenServer\domains\mvp-my.loc\core\Base\Model.php : 39] | []
[15:43:49 17.03.2023] | Exception . errorHand : SQLSTATE[HY000]: General error: 1 near ",": syntax error | [C:\OpenServer\domains\mvp-my.loc\core\Base\Model.php : 39] | []
[15:44:33 17.03.2023] | Exception . errorHand : SQLSTATE[HY000]: General error: 1 near ",": syntax error | [C:\OpenServer\domains\mvp-my.loc\core\Base\Model.php : 39] | []
[15:45:34 17.03.2023] | Exception . errorHand : Не верный запрос | [C:\OpenServer\domains\mvp-my.loc\core\Base\Model.php : 43] | []
[15:46:40 17.03.2023] | Exception . errorHand : Не верный запрос | [C:\OpenServer\domains\mvp-my.loc\core\Base\Model.php : 42] | []
[15:47:20 17.03.2023] | Exception . errorHand : Не верный запрос | [C:\OpenServer\domains\mvp-my.loc\core\Base\Model.php : 42] | []
[15:48:24 17.03.2023] | Exception . errorHand : Не верный запрос SQLSTATE[HY000]: General error: 1 near "@yandex": syntax error | [C:\OpenServer\domains\mvp-my.loc\core\Base\Model.php : 42] | []
[15:48:44 17.03.2023] | Exception . errorHand : Не верный запрос INSERT INTO users (Валерий, deliciiouss@yandex.ru, 123) VALUES
            (:name, :email, :password) | [C:\OpenServer\domains\mvp-my.loc\core\Base\Model.php : 42] | []
[15:49:37 17.03.2023] | Exception . errorHand : Не верный запрос INSERT INTO users (Валерий, deliciiouss@yandex.ru, 123) VALUES
            (:name, :email, :password) | [C:\OpenServer\domains\mvp-my.loc\core\Base\Model.php : 42] | []
[15:49:53 17.03.2023] | Exception . errorHand : Не верный запрос INSERT INTO users (Валерий, deliciiouss@yandex.ru, 123) VALUES
            (:name, :email, :password) | [C:\OpenServer\domains\mvp-my.loc\core\Base\Model.php : 42] | []
[17:37:00 17.03.2023] | E_NOTICE . errorHand : Undefined variable: field | [C:\OpenServer\domains\mvp-my.loc\core\Validator.php : 150] | []
[17:39:10 17.03.2023] | E_NOTICE . errorHand : Undefined index: field | [C:\OpenServer\domains\mvp-my.loc\core\Validator.php : 150] | []
[17:39:21 17.03.2023] | E_NOTICE . errorHand : Array to string conversion | [C:\OpenServer\domains\mvp-my.loc\core\Validator.php : 150] | []
[17:39:34 17.03.2023] | E_NOTICE . errorHand : Array to string conversion | [C:\OpenServer\domains\mvp-my.loc\core\Validator.php : 151] | []
[18:32:35 17.03.2023] | E_NOTICE . errorHand : Undefined offset: 0 | [C:\OpenServer\domains\mvp-my.loc\core\Validator.php : 165] | []
[18:52:44 17.03.2023] | Exception . errorHand : syntax error, unexpected ';', expecting ')' | [C:\OpenServer\domains\mvp-my.loc\core\Validator.php : 167] | []
[22:06:31 17.03.2023] | E_NOTICE . errorHand : Undefined variable: email | [C:\OpenServer\domains\mvp-my.loc\app\Controllers\AuthController.php : 30] | []
[22:06:49 17.03.2023] | E_NOTICE . errorHand : Undefined variable: email | [C:\OpenServer\domains\mvp-my.loc\app\Controllers\AuthController.php : 30] | []
[22:11:46 17.03.2023] | Exception . errorHand : Call to undefined method App\Models\UserModel::checkLogin() | [C:\OpenServer\domains\mvp-my.loc\app\Controllers\AuthController.php : 29] | []
[22:12:28 17.03.2023] | Exception . errorHand : Call to undefined method App\Models\UserModel::checkLogin() | [C:\OpenServer\domains\mvp-my.loc\app\Controllers\AuthController.php : 29] | []
[22:18:48 17.03.2023] | Exception . errorHand : Call to undefined method App\Models\UserModel::checkLogin() | [C:\OpenServer\domains\mvp-my.loc\app\Controllers\AuthController.php : 29] | []
[22:19:09 17.03.2023] | E_NOTICE . errorHand : Undefined variable: password | [C:\OpenServer\domains\mvp-my.loc\app\Controllers\AuthController.php : 37] | []
[22:20:29 17.03.2023] | E_NOTICE . errorHand : Undefined variable: email | [C:\OpenServer\domains\mvp-my.loc\app\Views\pages\login.view.php : 8] | []
[22:21:27 17.03.2023] | E_NOTICE . errorHand : Undefined variable: password | [C:\OpenServer\domains\mvp-my.loc\app\Views\pages\login.view.php : 35] | []
[22:26:43 17.03.2023] | E_NOTICE . errorHand : Array to string conversion | [C:\OpenServer\domains\mvp-my.loc\app\Views\pages\login.view.php : 16] | []
[22:26:49 17.03.2023] | E_NOTICE . errorHand : Array to string conversion | [C:\OpenServer\domains\mvp-my.loc\app\Views\pages\login.view.php : 16] | []
[22:27:44 17.03.2023] | E_NOTICE . errorHand : Array to string conversion | [C:\OpenServer\domains\mvp-my.loc\app\Views\pages\login.view.php : 16] | []
[22:27:47 17.03.2023] | E_NOTICE . errorHand : Array to string conversion | [C:\OpenServer\domains\mvp-my.loc\app\Views\pages\login.view.php : 16] | []
[22:28:01 17.03.2023] | Exception . errorHand : syntax error, unexpected '?>' | [C:\OpenServer\domains\mvp-my.loc\app\Views\pages\login.view.php : 16] | []
[22:28:19 17.03.2023] | E_NOTICE . errorHand : Array to string conversion | [C:\OpenServer\domains\mvp-my.loc\app\Views\pages\login.view.php : 16] | []
[22:28:35 17.03.2023] | E_NOTICE . errorHand : Array to string conversion | [C:\OpenServer\domains\mvp-my.loc\app\Views\pages\login.view.php : 16] | []
[22:29:13 17.03.2023] | E_NOTICE . errorHand : Array to string conversion | [C:\OpenServer\domains\mvp-my.loc\app\Views\pages\login.view.php : 18] | []
[22:55:55 17.03.2023] | E_NOTICE . errorHand : Trying to get property 'password' of non-object | [C:\OpenServer\domains\mvp-my.loc\app\Models\UserModel.php : 37] | []
[23:07:35 17.03.2023] | Exception . errorHand : syntax error, unexpected ';', expecting ')' | [C:\OpenServer\domains\mvp-my.loc\app\Views\pages\index.view.php : 4] | []
[23:08:13 17.03.2023] | E_NOTICE . errorHand : Undefined variable: _SESSION | [C:\OpenServer\domains\mvp-my.loc\app\Views\pages\index.view.php : 4] | []
[23:20:41 17.03.2023] | Exception . errorHand : syntax error, unexpected end of file | [C:\OpenServer\domains\mvp-my.loc\app\Views\components\menu.component.php : 23] | []
[23:21:22 17.03.2023] | Exception . errorHand : syntax error, unexpected end of file | [C:\OpenServer\domains\mvp-my.loc\app\Views\components\menu.component.php : 23] | []
[23:21:37 17.03.2023] | Exception . errorHand : syntax error, unexpected end of file | [C:\OpenServer\domains\mvp-my.loc\app\Views\components\menu.component.php : 23] | []
[09:32:20 18.03.2023] | E_NOTICE . errorHand : Undefined index: password_confirmatпion | [C:\OpenServer\domains\mvp-my.loc\core\Validator.php : 148] | []
[09:32:59 18.03.2023] | E_NOTICE . errorHand : Undefined index: password_confirmatпion | [C:\OpenServer\domains\mvp-my.loc\core\Validator.php : 148] | []
[09:37:55 18.03.2023] | E_NOTICE . errorHand : Undefined index: password_confirmation12 | [C:\OpenServer\domains\mvp-my.loc\core\Validator.php : 150] | []
[09:56:38 18.03.2023] | E_NOTICE . errorHand : Undefined index: name | [C:\OpenServer\domains\mvp-my.loc\core\Validator.php : 179] | []
[09:57:05 18.03.2023] | E_NOTICE . errorHand : Undefined index: name | [C:\OpenServer\domains\mvp-my.loc\core\Validator.php : 179] | []
[09:57:47 18.03.2023] | E_NOTICE . errorHand : Undefined index: name | [C:\OpenServer\domains\mvp-my.loc\core\Validator.php : 179] | []
[09:59:33 18.03.2023] | E_WARNING . errorHand : call_user_func_array() expects exactly 2 parameters, 3 given | [C:\OpenServer\domains\mvp-my.loc\core\Validator.php : 111] | []
[09:59:58 18.03.2023] | E_NOTICE . errorHand : Undefined index: name | [C:\OpenServer\domains\mvp-my.loc\core\Validator.php : 179] | []
[10:00:24 18.03.2023] | E_NOTICE . errorHand : Array to string conversion | [C:\OpenServer\domains\mvp-my.loc\core\Validator.php : 179] | []
[10:00:46 18.03.2023] | E_NOTICE . errorHand : Array to string conversion | [C:\OpenServer\domains\mvp-my.loc\core\Validator.php : 180] | []
[10:00:55 18.03.2023] | E_NOTICE . errorHand : Array to string conversion | [C:\OpenServer\domains\mvp-my.loc\core\Validator.php : 180] | []
[10:01:11 18.03.2023] | E_NOTICE . errorHand : Array to string conversion | [C:\OpenServer\domains\mvp-my.loc\core\Validator.php : 180] | []
[10:01:20 18.03.2023] | E_NOTICE . errorHand : Array to string conversion | [C:\OpenServer\domains\mvp-my.loc\core\Validator.php : 180] | []
[10:46:56 18.03.2023] | Exception . errorHand : syntax error, unexpected ';', expecting ']' | [C:\OpenServer\domains\mvp-my.loc\core\Validator.php : 34] | []
[10:47:10 18.03.2023] | E_NOTICE . errorHand : Undefined index: password | [C:\OpenServer\domains\mvp-my.loc\core\Validator.php : 188] | []
[10:48:15 18.03.2023] | E_NOTICE . errorHand : Undefined index: password | [C:\OpenServer\domains\mvp-my.loc\core\Validator.php : 189] | []
[10:53:36 18.03.2023] | E_NOTICE . errorHand : Undefined index: Имя не должно быть пустым | [C:\OpenServer\domains\mvp-my.loc\core\Validator.php : 182] | []
[10:54:09 18.03.2023] | E_NOTICE . errorHand : Undefined index: Имя не должно быть пустым | [C:\OpenServer\domains\mvp-my.loc\core\Validator.php : 182] | []
[10:54:38 18.03.2023] | E_NOTICE . errorHand : Undefined index: Имя не должно быть пустым | [C:\OpenServer\domains\mvp-my.loc\core\Validator.php : 182] | []
[10:54:49 18.03.2023] | E_NOTICE . errorHand : Undefined index: Имя не должно быть пустым | [C:\OpenServer\domains\mvp-my.loc\core\Validator.php : 182] | []
[10:55:21 18.03.2023] | E_NOTICE . errorHand : Undefined index: Имя не должно быть пустым | [C:\OpenServer\domains\mvp-my.loc\core\Validator.php : 182] | []
[10:56:22 18.03.2023] | E_WARNING . errorHand : Illegal string offset 'require' | [C:\OpenServer\domains\mvp-my.loc\core\Validator.php : 193] | []
[10:57:00 18.03.2023] | E_WARNING . errorHand : Illegal string offset 'require' | [C:\OpenServer\domains\mvp-my.loc\core\Validator.php : 194] | []
[11:04:00 18.03.2023] | E_NOTICE . errorHand : Undefined index: password | [C:\OpenServer\domains\mvp-my.loc\core\Validator.php : 193] | []
[11:04:07 18.03.2023] | E_NOTICE . errorHand : Undefined index: password | [C:\OpenServer\domains\mvp-my.loc\core\Validator.php : 193] | []
[11:06:20 18.03.2023] | E_NOTICE . errorHand : Undefined index: password | [C:\OpenServer\domains\mvp-my.loc\core\Validator.php : 193] | []
[11:07:14 18.03.2023] | E_NOTICE . errorHand : Undefined index: password | [C:\OpenServer\domains\mvp-my.loc\core\Validator.php : 194] | []
[11:11:14 18.03.2023] | E_NOTICE . errorHand : Undefined index: name | [C:\OpenServer\domains\mvp-my.loc\core\Validator.php : 193] | []
[12:19:43 18.03.2023] | Exception . errorHand : Return value of Core\Validator::email() must be of the type string or null, array returned | [C:\OpenServer\domains\mvp-my.loc\core\Validator.php : 159] | []
[12:20:40 18.03.2023] | Exception . errorHand : Return value of Core\Validator::email() must be of the type string or null, array returned | [C:\OpenServer\domains\mvp-my.loc\core\Validator.php : 159] | []
[12:23:18 18.03.2023] | Exception . errorHand : Return value of Core\Validator::email() must be of the type string or null, array returned | [C:\OpenServer\domains\mvp-my.loc\core\Validator.php : 159] | []
[12:29:08 18.03.2023] | E_WARNING . errorHand : array_flip(): Can only flip STRING and INTEGER values! | [C:\OpenServer\domains\mvp-my.loc\core\Validator.php : 200] | []
[13:30:44 18.03.2023] | E_NOTICE . errorHand : Array to string conversion | [C:\OpenServer\domains\mvp-my.loc\app\Views\pages\index.view.php : 3] | []
[13:32:19 18.03.2023] | E_NOTICE . errorHand : Undefined variable: arrayName | [C:\OpenServer\domains\mvp-my.loc\app\Views\pages\index.view.php : 4] | []
[13:34:31 18.03.2023] | E_WARNING . errorHand : file_put_contents(C:\OpenServer\domains\mvp-my.loc/tmp/cache/098f6bcd4621d373cade4e832627b4f6txt): failed to open stream: No such file or directory | [C:\OpenServer\domains\mvp-my.loc\core\Cache.php : 13] | []
[13:34:37 18.03.2023] | E_WARNING . errorHand : file_put_contents(C:\OpenServer\domains\mvp-my.loc/tmp/cache/098f6bcd4621d373cade4e832627b4f6txt): failed to open stream: No such file or directory | [C:\OpenServer\domains\mvp-my.loc\core\Cache.php : 13] | []
[13:34:41 18.03.2023] | E_WARNING . errorHand : file_put_contents(C:\OpenServer\domains\mvp-my.loc/tmp/cache/098f6bcd4621d373cade4e832627b4f6txt): failed to open stream: No such file or directory | [C:\OpenServer\domains\mvp-my.loc\core\Cache.php : 13] | []
[13:36:41 18.03.2023] | E_NOTICE . errorHand : Undefined index: date | [C:\OpenServer\domains\mvp-my.loc\core\Cache.php : 27] | []
[13:37:12 18.03.2023] | E_NOTICE . errorHand : Undefined index: date | [C:\OpenServer\domains\mvp-my.loc\core\Cache.php : 27] | []
[13:37:40 18.03.2023] | E_NOTICE . errorHand : Undefined index: date | [C:\OpenServer\domains\mvp-my.loc\core\Cache.php : 27] | []
[13:37:41 18.03.2023] | E_NOTICE . errorHand : Undefined index: date | [C:\OpenServer\domains\mvp-my.loc\core\Cache.php : 27] | []
[13:43:11 18.03.2023] | Exception . errorHand : syntax error, unexpected ';' | [C:\OpenServer\domains\mvp-my.loc\app\Controllers\StaticController.php : 29] | []
[14:19:34 18.03.2023] | Exception . errorHand : Call to a member function set() on bool | [C:\OpenServer\domains\mvp-my.loc\app\Controllers\StaticController.php : 28] | []
[14:20:14 18.03.2023] | Exception . errorHand : Call to a member function set() on bool | [C:\OpenServer\domains\mvp-my.loc\app\Controllers\StaticController.php : 28] | []
[14:21:37 18.03.2023] | Exception . errorHand : Call to a member function set() on bool | [C:\OpenServer\domains\mvp-my.loc\app\Controllers\StaticController.php : 28] | []
[14:21:38 18.03.2023] | Exception . errorHand : Call to a member function set() on bool | [C:\OpenServer\domains\mvp-my.loc\app\Controllers\StaticController.php : 28] | []
[14:22:12 18.03.2023] | Exception . errorHand : Call to a member function set() on bool | [C:\OpenServer\domains\mvp-my.loc\app\Controllers\StaticController.php : 28] | []
[14:22:33 18.03.2023] | Exception . errorHand : Call to a member function set() on bool | [C:\OpenServer\domains\mvp-my.loc\app\Controllers\StaticController.php : 29] | []
[14:23:23 18.03.2023] | Exception . errorHand : Call to a member function set() on bool | [C:\OpenServer\domains\mvp-my.loc\app\Controllers\StaticController.php : 29] | []
[14:24:10 18.03.2023] | Exception . errorHand : Call to a member function set() on bool | [C:\OpenServer\domains\mvp-my.loc\app\Controllers\StaticController.php : 29] | []
[15:09:15 18.03.2023] | Exception . errorHand : Class 'Core\Cache2' not found | [C:\OpenServer\domains\mvp-my.loc\app\Views\pages\index.view.php : 13] | []
[15:09:26 18.03.2023] | Exception . errorHand : Class 'Core\Cache2' not found | [C:\OpenServer\domains\mvp-my.loc\app\Views\pages\index.view.php : 13] | []
[15:09:27 18.03.2023] | Exception . errorHand : Class 'Core\Cache2' not found | [C:\OpenServer\domains\mvp-my.loc\app\Views\pages\index.view.php : 13] | []
[15:09:47 18.03.2023] | Exception . errorHand : Class 'Core\Cache2' not found | [C:\OpenServer\domains\mvp-my.loc\app\Views\pages\index.view.php : 13] | []
[15:10:09 18.03.2023] | Exception . errorHand : Class 'Core\Cache2' not found | [C:\OpenServer\domains\mvp-my.loc\app\Views\pages\index.view.php : 13] | []
[15:10:45 18.03.2023] | E_WARNING . errorHand : mkdir(): No such file or directory | [C:\OpenServer\domains\mvp-my.loc\core\Cache2.php : 38] | []
[15:11:02 18.03.2023] | E_WARNING . errorHand : mkdir(): No such file or directory | [C:\OpenServer\domains\mvp-my.loc\core\Cache2.php : 38] | []
[16:45:31 18.03.2023] | Exception . errorHand : Call to undefined method Core\Cache::instance() | [C:\OpenServer\domains\mvp-my.loc\app\Controllers\StaticController.php : 33] | []
[16:45:46 18.03.2023] | Exception . errorHand : Call to a member function set() on bool | [C:\OpenServer\domains\mvp-my.loc\app\Controllers\StaticController.php : 38] | []
[16:45:47 18.03.2023] | Exception . errorHand : Call to a member function set() on bool | [C:\OpenServer\domains\mvp-my.loc\app\Controllers\StaticController.php : 38] | []
[16:46:19 18.03.2023] | Exception . errorHand : Call to a member function set() on bool | [C:\OpenServer\domains\mvp-my.loc\app\Controllers\StaticController.php : 38] | []
[16:47:15 18.03.2023] | Exception . errorHand : Call to a member function set() on bool | [C:\OpenServer\domains\mvp-my.loc\app\Controllers\StaticController.php : 38] | []
[16:47:16 18.03.2023] | Exception . errorHand : Call to a member function set() on bool | [C:\OpenServer\domains\mvp-my.loc\app\Controllers\StaticController.php : 38] | []
[16:48:14 18.03.2023] | Exception . errorHand : Call to a member function set() on bool | [C:\OpenServer\domains\mvp-my.loc\app\Controllers\StaticController.php : 38] | []
[16:48:57 18.03.2023] | Exception . errorHand : Call to a member function set() on bool | [C:\OpenServer\domains\mvp-my.loc\app\Controllers\StaticController.php : 38] | []
[09:49:17 19.03.2023] | Exception . errorHand : Too few arguments to function App\Controllers\StaticController::services(), 0 passed in C:\OpenServer\domains\mvp-my.loc\core\RouterHelper.php on line 29 and exactly 1 expected | [C:\OpenServer\domains\mvp-my.loc\app\Controllers\StaticController.php : 50] | []
[09:54:34 19.03.2023] | E_NOTICE . errorHand : Undefined variable: name | [C:\OpenServer\domains\mvp-my.loc\app\Controllers\StaticController.php : 27] | []
[10:22:11 19.03.2023] | Exception . errorHand : Call to a member function getProperties() on null | [C:\OpenServer\domains\mvp-my.loc\app\Views\pages\test.view.php : 4] | []
[10:22:18 19.03.2023] | Exception . errorHand : Call to a member function getProperties() on null | [C:\OpenServer\domains\mvp-my.loc\app\Views\pages\test.view.php : 4] | []
[10:23:02 19.03.2023] | Exception . errorHand : Call to a member function getProperties() on null | [C:\OpenServer\domains\mvp-my.loc\app\Views\pages\test.view.php : 4] | []
[10:23:03 19.03.2023] | Exception . errorHand : Call to a member function getProperties() on null | [C:\OpenServer\domains\mvp-my.loc\app\Views\pages\test.view.php : 4] | []
[10:23:44 19.03.2023] | Exception . errorHand : Call to a member function getProperties() on null | [C:\OpenServer\domains\mvp-my.loc\app\Views\pages\test.view.php : 4] | []
[10:23:57 19.03.2023] | Exception . errorHand : Call to a member function getProperties() on null | [C:\OpenServer\domains\mvp-my.loc\app\Views\pages\test.view.php : 4] | []
[10:24:16 19.03.2023] | Exception . errorHand : Call to a member function getProperties() on null | [C:\OpenServer\domains\mvp-my.loc\app\Views\pages\test.view.php : 4] | []
[10:24:17 19.03.2023] | Exception . errorHand : Call to a member function getProperties() on null | [C:\OpenServer\domains\mvp-my.loc\app\Views\pages\test.view.php : 4] | []
[10:24:38 19.03.2023] | Exception . errorHand : Call to a member function getProperties() on null | [C:\OpenServer\domains\mvp-my.loc\app\Views\pages\test.view.php : 4] | []
[10:27:13 19.03.2023] | Exception . errorHand : Call to a member function getProperties() on null | [C:\OpenServer\domains\mvp-my.loc\app\Views\pages\test.view.php : 4] | []
[10:27:14 19.03.2023] | Exception . errorHand : Call to a member function getProperties() on null | [C:\OpenServer\domains\mvp-my.loc\app\Views\pages\test.view.php : 4] | []
[10:28:06 19.03.2023] | Exception . errorHand : Call to a member function getProperties() on null | [C:\OpenServer\domains\mvp-my.loc\app\Views\pages\test.view.php : 3] | []
[10:28:07 19.03.2023] | Exception . errorHand : Call to a member function getProperties() on null | [C:\OpenServer\domains\mvp-my.loc\app\Views\pages\test.view.php : 3] | []
[10:29:10 19.03.2023] | Exception . errorHand : Call to a member function getProperties() on null | [C:\OpenServer\domains\mvp-my.loc\app\Views\pages\test.view.php : 3] | []
[10:29:11 19.03.2023] | Exception . errorHand : Call to a member function getProperties() on null | [C:\OpenServer\domains\mvp-my.loc\app\Views\pages\test.view.php : 3] | []
[10:29:35 19.03.2023] | Exception . errorHand : Call to a member function getProperties() on null | [C:\OpenServer\domains\mvp-my.loc\app\Views\pages\test.view.php : 3] | []
[10:30:13 19.03.2023] | Exception . errorHand : Call to a member function getProperties() on null | [C:\OpenServer\domains\mvp-my.loc\app\Views\pages\test.view.php : 3] | []
[10:44:30 19.03.2023] | Exception . errorHand : Access to undeclared static property: App\Controllers\StaticController::$app | [C:\OpenServer\domains\mvp-my.loc\app\Controllers\StaticController.php : 41] | []
[15:03:51 19.03.2023] | Exception . errorHand : Call to a member function set() on bool | [C:\OpenServer\domains\mvp-my.loc\app\Controllers\StaticController.php : 27] | []
[15:04:32 19.03.2023] | Exception . errorHand : Call to a member function set() on bool | [C:\OpenServer\domains\mvp-my.loc\app\Controllers\StaticController.php : 27] | []
[15:04:33 19.03.2023] | Exception . errorHand : Call to a member function set() on bool | [C:\OpenServer\domains\mvp-my.loc\app\Controllers\StaticController.php : 27] | []
[15:04:39 19.03.2023] | Exception . errorHand : Call to a member function set() on bool | [C:\OpenServer\domains\mvp-my.loc\app\Controllers\StaticController.php : 27] | []
[15:04:40 19.03.2023] | Exception . errorHand : Call to a member function set() on bool | [C:\OpenServer\domains\mvp-my.loc\app\Controllers\StaticController.php : 27] | []
[15:04:56 19.03.2023] | Exception . errorHand : Call to a member function set() on bool | [C:\OpenServer\domains\mvp-my.loc\app\Controllers\StaticController.php : 27] | []
[15:04:57 19.03.2023] | Exception . errorHand : Call to a member function set() on bool | [C:\OpenServer\domains\mvp-my.loc\app\Controllers\StaticController.php : 27] | []
[15:05:07 19.03.2023] | Exception . errorHand : Call to a member function set() on bool | [C:\OpenServer\domains\mvp-my.loc\app\Controllers\StaticController.php : 27] | []
[15:10:11 19.03.2023] | Exception . errorHand : Call to a member function get() on array | [C:\OpenServer\domains\mvp-my.loc\app\Controllers\StaticController.php : 34] | []
[15:11:28 19.03.2023] | Exception . errorHand : Call to a member function set() on bool | [C:\OpenServer\domains\mvp-my.loc\app\Controllers\StaticController.php : 28] | []
[15:12:53 19.03.2023] | Exception . errorHand : Call to a member function set() on bool | [C:\OpenServer\domains\mvp-my.loc\app\Controllers\StaticController.php : 28] | []
[15:13:40 19.03.2023] | Exception . errorHand : Call to a member function get() on bool | [C:\OpenServer\domains\mvp-my.loc\app\Controllers\StaticController.php : 33] | []
[15:15:06 19.03.2023] | Exception . errorHand : Call to a member function set() on bool | [C:\OpenServer\domains\mvp-my.loc\app\Controllers\StaticController.php : 28] | []
[15:15:22 19.03.2023] | Exception . errorHand : Call to a member function set() on bool | [C:\OpenServer\domains\mvp-my.loc\app\Controllers\StaticController.php : 28] | []
[15:17:08 19.03.2023] | Exception . errorHand : Call to a member function set() on bool | [C:\OpenServer\domains\mvp-my.loc\app\Controllers\StaticController.php : 28] | []
[15:17:09 19.03.2023] | Exception . errorHand : Call to a member function set() on bool | [C:\OpenServer\domains\mvp-my.loc\app\Controllers\StaticController.php : 28] | []
[16:50:15 20.03.2023] | Exception . errorHand : syntax error, unexpected '?>
' | [C:\OpenServer\domains\mvp-my.loc\app\Views\layouts\clothes.php : 236] | []
[16:59:39 20.03.2023] | E_WARNING . errorHand : Use of undefined constant PATH - assumed 'PATH' (this will throw an Error in a future version of PHP) | [C:\OpenServer\domains\mvp-my.loc\app\Views\pages\login.view.php : 7] | []
[17:33:01 20.03.2023] | Exception . errorHand : Class 'app\widgets\currency\Currency' not found | [C:\OpenServer\domains\mvp-my.loc\app\Views\layouts\clothes.php : 36] | []
[17:43:08 20.03.2023] | E_WARNING . errorHand : Use of undefined constant PATH - assumed 'PATH' (this will throw an Error in a future version of PHP) | [C:\OpenServer\domains\mvp-my.loc\app\Views\errors\404.php : 52] | []
[17:43:08 20.03.2023] | E_WARNING . errorHand : Use of undefined constant PATH - assumed 'PATH' (this will throw an Error in a future version of PHP) | [C:\OpenServer\domains\mvp-my.loc\app\Views\errors\404.php : 52] | []
[22:37:28 20.03.2023] | Exception . errorHand : AppНе верный запрос SELECT * FROM product | [C:\OpenServer\domains\mvp-my.loc\core\App.php : 27] | []
[22:37:54 20.03.2023] | Exception . errorHand : AppНе верный запрос SELECT * FROM product | [C:\OpenServer\domains\mvp-my.loc\core\App.php : 27] | []
[22:38:16 20.03.2023] | Exception . errorHand : AppНе верный запрос SELECT * FROM `product` | [C:\OpenServer\domains\mvp-my.loc\core\App.php : 27] | []
[22:38:53 20.03.2023] | Exception . errorHand : AppSQLSTATE[42S02]: Base table or view not found: 1146 Table 'frm_you.product' doesn't exist | [C:\OpenServer\domains\mvp-my.loc\core\App.php : 27] | []
[23:54:56 20.03.2023] | E_COMPILE_ERROR . errorHand : Core\Connection and Core\Libs\TSingletone define the same property ($instance) in the composition of Core\Connection. However, the definition differs and is considered incompatible. Class was composed | [C:\OpenServer\domains\mvp-my.loc\core\Connection.php : 7] | []
[23:55:41 20.03.2023] | E_COMPILE_ERROR . errorHand : Core\Connection and Core\Libs\TSingletone define the same property ($instance) in the composition of Core\Connection. However, the definition differs and is considered incompatible. Class was composed | [C:\OpenServer\domains\mvp-my.loc\core\Connection.php : 7] | []
[23:56:45 20.03.2023] | E_COMPILE_ERROR . errorHand : Core\Connection and Core\Libs\TSingletone define the same property ($instance) in the composition of Core\Connection. However, the definition differs and is considered incompatible. Class was composed | [C:\OpenServer\domains\mvp-my.loc\core\Connection.php : 7] | []
[23:58:28 20.03.2023] | E_COMPILE_ERROR . errorHand : Core\Connection and Core\Libs\TSingletone define the same property ($instance) in the composition of Core\Connection. However, the definition differs and is considered incompatible. Class was composed | [C:\OpenServer\domains\mvp-my.loc\core\Connection.php : 7] | []
[23:58:52 20.03.2023] | E_COMPILE_ERROR . errorHand : Core\Connection and Core\Libs\TSingletone define the same property ($instance) in the composition of Core\Connection. However, the definition differs and is considered incompatible. Class was composed | [C:\OpenServer\domains\mvp-my.loc\core\Connection.php : 7] | []
[23:58:53 20.03.2023] | E_COMPILE_ERROR . errorHand : Core\Connection and Core\Libs\TSingletone define the same property ($instance) in the composition of Core\Connection. However, the definition differs and is considered incompatible. Class was composed | [C:\OpenServer\domains\mvp-my.loc\core\Connection.php : 7] | []
[23:59:27 20.03.2023] | E_COMPILE_ERROR . errorHand : Core\Connection and Core\Libs\TSingletone define the same property ($instance) in the composition of Core\Connection. However, the definition differs and is considered incompatible. Class was composed | [C:\OpenServer\domains\mvp-my.loc\core\Connection.php : 7] | []
[00:00:38 21.03.2023] | E_COMPILE_ERROR . errorHand : Core\Connection and Core\Libs\TSingletone define the same property ($instance) in the composition of Core\Connection. However, the definition differs and is considered incompatible. Class was composed | [C:\OpenServer\domains\mvp-my.loc\core\Connection.php : 7] | []
[00:01:14 21.03.2023] | Exception . errorHand : Call to undefined method Core\Connection::instance() | [C:\OpenServer\domains\mvp-my.loc\app\Controllers\MainController.php : 15] | []
[00:16:54 21.03.2023] | E_NOTICE . errorHand : Undefined index: img | [C:\OpenServer\domains\mvp-my.loc\app\Views\pages\index.view.php : 27] | []
[00:17:05 21.03.2023] | E_NOTICE . errorHand : Undefined index: img | [C:\OpenServer\domains\mvp-my.loc\app\Views\pages\index.view.php : 27] | []
[00:18:43 21.03.2023] | E_NOTICE . errorHand : Trying to get property 'description' of non-object | [C:\OpenServer\domains\mvp-my.loc\app\Views\pages\index.view.php : 30] | []
[00:19:01 21.03.2023] | E_NOTICE . errorHand : Trying to get property 'description' of non-object | [C:\OpenServer\domains\mvp-my.loc\app\Views\pages\index.view.php : 30] | []
[00:19:18 21.03.2023] | E_NOTICE . errorHand : Trying to get property 'img' of non-object | [C:\OpenServer\domains\mvp-my.loc\app\Views\pages\index.view.php : 27] | []
[00:19:28 21.03.2023] | Exception . errorHand : syntax error, unexpected '(object)' (object) (T_OBJECT_CAST) | [C:\OpenServer\domains\mvp-my.loc\app\Views\pages\index.view.php : 24] | []
[00:19:51 21.03.2023] | E_NOTICE . errorHand : Trying to get property 'img' of non-object | [C:\OpenServer\domains\mvp-my.loc\app\Views\pages\index.view.php : 27] | []
[00:20:30 21.03.2023] | E_NOTICE . errorHand : Trying to get property 'img' of non-object | [C:\OpenServer\domains\mvp-my.loc\app\Views\pages\index.view.php : 27] | []
[00:22:51 21.03.2023] | E_NOTICE . errorHand : Trying to get property 'img' of non-object | [C:\OpenServer\domains\mvp-my.loc\app\Views\pages\index.view.php : 27] | []
[00:22:58 21.03.2023] | E_NOTICE . errorHand : Trying to get property 'img' of non-object | [C:\OpenServer\domains\mvp-my.loc\app\Views\pages\index.view.php : 27] | []
[00:23:22 21.03.2023] | E_NOTICE . errorHand : Trying to get property 'img' of non-object | [C:\OpenServer\domains\mvp-my.loc\app\Views\pages\index.view.php : 27] | []
[00:23:41 21.03.2023] | E_NOTICE . errorHand : Trying to get property 'img' of non-object | [C:\OpenServer\domains\mvp-my.loc\app\Views\pages\index.view.php : 27] | []
[00:25:20 21.03.2023] | Exception . errorHand : syntax error, unexpected '(object)' (object) (T_OBJECT_CAST) | [C:\OpenServer\domains\mvp-my.loc\app\Views\pages\index.view.php : 24] | []
[16:27:38 21.03.2023] | Exception . errorHand : Object of class App\Controllers\ProductController could not be converted to string | [C:\OpenServer\domains\mvp-my.loc\app\Controllers\ProductController.php : 12] | []
[16:31:24 21.03.2023] | Exception . errorHand : Too few arguments to function App\Controllers\ProductController::index(), 0 passed in C:\OpenServer\domains\mvp-my.loc\core\RouterHelper.php on line 29 and exactly 1 expected | [C:\OpenServer\domains\mvp-my.loc\app\Controllers\ProductController.php : 9] | []
[16:35:26 21.03.2023] | E_WARNING . errorHand : preg_match(): Compilation failed: unrecognized character after (?P at offset 15 | [C:\OpenServer\domains\mvp-my.loc\core\Router.php : 23] | []
[16:35:34 21.03.2023] | E_WARNING . errorHand : preg_match(): Compilation failed: unrecognized character after (? or (?- at offset 14 | [C:\OpenServer\domains\mvp-my.loc\core\Router.php : 23] | []
[16:35:40 21.03.2023] | E_WARNING . errorHand : preg_match(): Compilation failed: unmatched closing parenthesis at offset 22 | [C:\OpenServer\domains\mvp-my.loc\core\Router.php : 23] | []
[18:22:41 21.03.2023] | Exception . errorHand : AppSQLSTATE[42S22]: Column not found: 1054 Unknown column 'atatus_id' in 'where clause' | [C:\OpenServer\domains\mvp-my.loc\core\App.php : 27] | []
[18:22:50 21.03.2023] | Exception . errorHand : AppSQLSTATE[42S22]: Column not found: 1054 Unknown column 'satatus_id' in 'where clause' | [C:\OpenServer\domains\mvp-my.loc\core\App.php : 27] | []
[18:22:58 21.03.2023] | Exception . errorHand : AppSQLSTATE[42S22]: Column not found: 1054 Unknown column 'status_id' in 'where clause' | [C:\OpenServer\domains\mvp-my.loc\core\App.php : 27] | []
[18:25:29 21.03.2023] | Exception . errorHand : AppСтаница не найдена | [C:\OpenServer\domains\mvp-my.loc\core\App.php : 27] | []
[18:25:38 21.03.2023] | Exception . errorHand : AppСтаница не найдена | [C:\OpenServer\domains\mvp-my.loc\core\App.php : 27] | []
[18:27:40 21.03.2023] | Exception . errorHand : AppСтаница не найдена | [C:\OpenServer\domains\mvp-my.loc\core\App.php : 27] | []
[18:38:55 21.03.2023] | E_NOTICE . errorHand : Trying to get property 'title' of non-object | [C:\OpenServer\domains\mvp-my.loc\app\Controllers\ProductController.php : 31] | []
[18:39:12 21.03.2023] | Exception . errorHand : Call to undefined function App\Controllers\dper() | [C:\OpenServer\domains\mvp-my.loc\app\Controllers\ProductController.php : 30] | []
[18:39:16 21.03.2023] | E_NOTICE . errorHand : Trying to get property 'title' of non-object | [C:\OpenServer\domains\mvp-my.loc\app\Controllers\ProductController.php : 31] | []
[18:39:55 21.03.2023] | E_NOTICE . errorHand : Trying to get property 'title' of non-object | [C:\OpenServer\domains\mvp-my.loc\app\Controllers\ProductController.php : 31] | []
[18:40:32 21.03.2023] | E_NOTICE . errorHand : Trying to get property 'title' of non-object | [C:\OpenServer\domains\mvp-my.loc\app\Controllers\ProductController.php : 31] | []
[18:41:47 21.03.2023] | Exception . errorHand : Cannot use object of type stdClass as array | [C:\OpenServer\domains\mvp-my.loc\app\Controllers\ProductController.php : 31] | []
[18:41:58 21.03.2023] | E_NOTICE . errorHand : Undefined property: stdClass::$discription | [C:\OpenServer\domains\mvp-my.loc\app\Controllers\ProductController.php : 31] | []
[23:37:44 21.03.2023] | E_NOTICE . errorHand : Trying to get property 'img' of non-object | [C:\OpenServer\domains\mvp-my.loc\app\Views\pages\product.view.php : 20] | []
[23:38:09 21.03.2023] | E_NOTICE . errorHand : Undefined variable: var | [C:\OpenServer\domains\mvp-my.loc\core\Libs\function.php : 33] | []
[23:46:20 21.03.2023] | Exception . errorHand : syntax error, unexpected end of file, expecting elseif (T_ELSEIF) or else (T_ELSE) or endif (T_ENDIF) | [C:\OpenServer\domains\mvp-my.loc\app\Views\pages\product.view.php : 337] | []
[23:48:20 21.03.2023] | Exception . errorHand : syntax error, unexpected ')' | [C:\OpenServer\domains\mvp-my.loc\app\Views\pages\product.view.php : 14] | []
